<?xml version="1.0" encoding="UTF-8"?>
<!-- Generated by org.testng.reporters.JUnitReportReporter -->
<testsuite hostname="LAPTOP-SAIVKO8O" failures="0" tests="1" name="com.tutorialsninja.automation.stepdef.LoginPageTest" time="4.780" errors="0" timestamp="2023-11-03T12:38:23 IST" skipped="0">
  <testcase classname="com.tutorialsninja.automation.stepdef.LoginPageTest" name="loginTest" time="4.780"/>
  <system-out/>
</testsuite> <!-- com.tutorialsninja.automation.stepdef.LoginPageTest -->
